[    0.000000] Initializing cgroup subsys cpuset
[    0.000000] Initializing cgroup subsys cpu
[    0.000000] Initializing cgroup subsys cpuacct
[    0.000000] Linux version 4.4.0-165-generic (buildd@lgw01-amd64-027) (gcc version 5.4.0 20160609 (Ubuntu 5.4.0-6ubuntu1~16.04.10) ) #193-Ubuntu SMP Tue Sep 17 17:42:52 UTC 2019 (Ubuntu 4.4.0-165.193-generic 4.4.189)
[    0.000000] Command line: BOOT_IMAGE=/boot/vmlinuz-4.4.0-165-generic root=LABEL=cloudimg-rootfs ro console=tty1 console=ttyS0
[    0.000000] KERNEL supported cpus:
[    0.000000]   Intel GenuineIntel
[    0.000000]   AMD AuthenticAMD
[    0.000000]   Centaur CentaurHauls
[    0.000000] x86/fpu: xstate_offset[2]:  576, xstate_sizes[2]:  256
[    0.000000] x86/fpu: Supporting XSAVE feature 0x01: 'x87 floating point registers'
[    0.000000] x86/fpu: Supporting XSAVE feature 0x02: 'SSE registers'
[    0.000000] x86/fpu: Supporting XSAVE feature 0x04: 'AVX registers'
[    0.000000] x86/fpu: Enabled xstate features 0x7, context size is 832 bytes, using 'standard' format.
[    0.000000] e820: BIOS-provided physical RAM map:
[    0.000000] BIOS-e820: [mem 0x0000000000000000-0x000000000009fbff] usable
[    0.000000] BIOS-e820: [mem 0x000000000009fc00-0x000000000009ffff] reserved
[    0.000000] BIOS-e820: [mem 0x00000000000f0000-0x00000000000fffff] reserved
[    0.000000] BIOS-e820: [mem 0x0000000000100000-0x000000003ffeffff] usable
[    0.000000] BIOS-e820: [mem 0x000000003fff0000-0x000000003fffffff] ACPI data
[    0.000000] BIOS-e820: [mem 0x00000000fec00000-0x00000000fec00fff] reserved
[    0.000000] BIOS-e820: [mem 0x00000000fee00000-0x00000000fee00fff] reserved
[    0.000000] BIOS-e820: [mem 0x00000000fffc0000-0x00000000ffffffff] reserved
[    0.000000] NX (Execute Disable) protection: active
[    0.000000] SMBIOS 2.5 present.
[    0.000000] Hypervisor detected: KVM
[    0.000000] e820: last_pfn = 0x3fff0 max_arch_pfn = 0x400000000
[    0.000000] MTRR: Disabled
[    0.000000] x86/PAT: MTRRs disabled, skipping PAT initialization too.
[    0.000000] CPU MTRRs all blank - virtualized system.
[    0.000000] x86/PAT: Configuration [0-7]: WB  WT  UC- UC  WB  WT  UC- UC  
[    0.000000] found SMP MP-table at [mem 0x0009fff0-0x0009ffff] mapped at [ffff88000009fff0]
[    0.000000] Scanning 1 areas for low memory corruption
[    0.000000] RAMDISK: [mem 0x362fa000-0x37174fff]
[    0.000000] ACPI: Early table checksum verification disabled
[    0.000000] ACPI: RSDP 0x00000000000E0000 000024 (v02 VBOX  )
[    0.000000] ACPI: XSDT 0x000000003FFF0030 00003C (v01 VBOX   VBOXXSDT 00000001 ASL  00000061)
[    0.000000] ACPI: FACP 0x000000003FFF00F0 0000F4 (v04 VBOX   VBOXFACP 00000001 ASL  00000061)
[    0.000000] ACPI: DSDT 0x000000003FFF0470 0022EA (v02 VBOX   VBOXBIOS 00000002 INTL 20180105)
[    0.000000] ACPI: FACS 0x000000003FFF0200 000040
[    0.000000] ACPI: FACS 0x000000003FFF0200 000040
[    0.000000] ACPI: APIC 0x000000003FFF0240 00005C (v02 VBOX   VBOXAPIC 00000001 ASL  00000061)
[    0.000000] ACPI: SSDT 0x000000003FFF02A0 0001CC (v01 VBOX   VBOXCPUT 00000002 INTL 20180105)
[    0.000000] No NUMA configuration found
[    0.000000] Faking a node at [mem 0x0000000000000000-0x000000003ffeffff]
[    0.000000] NODE_DATA(0) allocated [mem 0x3ffeb000-0x3ffeffff]
[    0.000000] kvm-clock: Using msrs 4b564d01 and 4b564d00
[    0.000000] kvm-clock: cpu 0, msr 0:3ffe3001, primary cpu clock
[    0.000000] kvm-clock: using sched offset of 3067915657 cycles
[    0.000000] clocksource: kvm-clock: mask: 0xffffffffffffffff max_cycles: 0x1cd42e4dffb, max_idle_ns: 881590591483 ns
[    0.000000] Zone ranges:
[    0.000000]   DMA      [mem 0x0000000000001000-0x0000000000ffffff]
[    0.000000]   DMA32    [mem 0x0000000001000000-0x000000003ffeffff]
[    0.000000]   Normal   empty
[    0.000000]   Device   empty
[    0.000000] Movable zone start for each node
[    0.000000] Early memory node ranges
[    0.000000]   node   0: [mem 0x0000000000001000-0x000000000009efff]
[    0.000000]   node   0: [mem 0x0000000000100000-0x000000003ffeffff]
[    0.000000] Initmem setup node 0 [mem 0x0000000000001000-0x000000003ffeffff]
[    0.000000] ACPI: PM-Timer IO Port: 0x4008
[    0.000000] IOAPIC[0]: apic_id 2, version 32, address 0xfec00000, GSI 0-23
[    0.000000] ACPI: INT_SRC_OVR (bus 0 bus_irq 0 global_irq 2 dfl dfl)
[    0.000000] ACPI: INT_SRC_OVR (bus 0 bus_irq 9 global_irq 9 low level)
[    0.000000] Using ACPI (MADT) for SMP configuration information
[    0.000000] smpboot: Allowing 2 CPUs, 0 hotplug CPUs
[    0.000000] PM: Registered nosave memory: [mem 0x00000000-0x00000fff]
[    0.000000] PM: Registered nosave memory: [mem 0x0009f000-0x0009ffff]
[    0.000000] PM: Registered nosave memory: [mem 0x000a0000-0x000effff]
[    0.000000] PM: Registered nosave memory: [mem 0x000f0000-0x000fffff]
[    0.000000] e820: [mem 0x40000000-0xfebfffff] available for PCI devices
[    0.000000] Booting paravirtualized kernel on KVM
[    0.000000] clocksource: refined-jiffies: mask: 0xffffffff max_cycles: 0xffffffff, max_idle_ns: 7645519600211568 ns
[    0.000000] setup_percpu: NR_CPUS:512 nr_cpumask_bits:512 nr_cpu_ids:2 nr_node_ids:1
[    0.000000] PERCPU: Embedded 34 pages/cpu @ffff88003fc00000 s99544 r8192 d31528 u1048576
[    0.000000] Built 1 zonelists in Node order, mobility grouping on.  Total pages: 257912
[    0.000000] Policy zone: DMA32
[    0.000000] Kernel command line: BOOT_IMAGE=/boot/vmlinuz-4.4.0-165-generic root=LABEL=cloudimg-rootfs ro console=tty1 console=ttyS0
[    0.000000] PID hash table entries: 4096 (order: 3, 32768 bytes)
[    0.000000] Memory: 997732K/1048120K available (8621K kernel code, 1335K rwdata, 4032K rodata, 1484K init, 1284K bss, 50388K reserved, 0K cma-reserved)
[    0.000000] SLUB: HWalign=64, Order=0-3, MinObjects=0, CPUs=2, Nodes=1
[    0.000000] Kernel/User page tables isolation: enabled
[    0.000000] Hierarchical RCU implementation.
[    0.000000] 	Build-time adjustment of leaf fanout to 64.
[    0.000000] 	RCU restricting CPUs from NR_CPUS=512 to nr_cpu_ids=2.
[    0.000000] RCU: Adjusting geometry for rcu_fanout_leaf=64, nr_cpu_ids=2
[    0.000000] NR_IRQS:33024 nr_irqs:440 16
[    0.000000] Console: colour VGA+ 80x25
[    0.000000] console [tty1] enabled
[    0.000000] console [ttyS0] enabled
[    0.000000] tsc: Detected 2207.998 MHz processor
[    0.106408] Calibrating delay loop (skipped) preset value.. 4415.99 BogoMIPS (lpj=8831992)
[    0.107754] pid_max: default: 32768 minimum: 301
[    0.108489] ACPI: Core revision 20150930
[    0.110458] ACPI: 2 ACPI AML tables successfully acquired and loaded
[    0.112293] Security Framework initialized
[    0.112973] Yama: becoming mindful.
[    0.113606] AppArmor: AppArmor initialized
[    0.114345] Dentry cache hash table entries: 131072 (order: 8, 1048576 bytes)
[    0.115881] Inode-cache hash table entries: 65536 (order: 7, 524288 bytes)
[    0.116938] Mount-cache hash table entries: 2048 (order: 2, 16384 bytes)
[    0.117927] Mountpoint-cache hash table entries: 2048 (order: 2, 16384 bytes)
[    0.119054] Initializing cgroup subsys io
[    0.119716] Initializing cgroup subsys memory
[    0.120454] Initializing cgroup subsys devices
[    0.121170] Initializing cgroup subsys freezer
[    0.121907] Initializing cgroup subsys net_cls
[    0.122622] Initializing cgroup subsys perf_event
[    0.123367] Initializing cgroup subsys net_prio
[    0.124097] Initializing cgroup subsys hugetlb
[    0.124817] Initializing cgroup subsys pids
[    0.127149] mce: CPU supports 0 MCE banks
[    0.127837] Last level iTLB entries: 4KB 64, 2MB 8, 4MB 8
[    0.128663] Last level dTLB entries: 4KB 64, 2MB 0, 4MB 0, 1GB 4
[    0.129554] Spectre V1 : Mitigation: usercopy/swapgs barriers and __user pointer sanitization
[    0.130879] Spectre V2 : Mitigation: Full generic retpoline
[    0.131708] Spectre V2 : Spectre v2 / SpectreRSB mitigation: Filling RSB on context switch
[    0.133072] Speculative Store Bypass: Vulnerable
[    0.134024] MDS: Vulnerable: Clear CPU buffers attempted, no microcode
[    0.137248] Freeing SMP alternatives memory: 36K
[    0.142980] ftrace: allocating 32318 entries in 127 pages
[    0.197250] smpboot: APIC(0) Converting physical 0 to logical package 0
[    0.198194] smpboot: Max logical packages: 1
[    0.199014] x2apic enabled
[    0.199676] Switched APIC routing to physical x2apic.
[    0.201337] ..TIMER: vector=0x30 apic1=0 pin1=2 apic2=-1 pin2=-1
[    0.309997] smpboot: CPU0: Intel(R) Core(TM) i5-7260U CPU @ 2.20GHz (family: 0x6, model: 0x8e, stepping: 0x9)
[    0.312001] Performance Events: unsupported p6 CPU model 142 no PMU driver, software events only.
[    0.322909] KVM setup paravirtual spinlock
[    0.324215] x86: Booting SMP configuration:
[    0.324928] .... node  #0, CPUs:      #1
[    0.325704] kvm-clock: cpu 1, msr 0:3ffe3041, secondary cpu clock
[    0.327416] mce: CPU supports 0 MCE banks
[    0.329810] x86: Booted up 1 node, 2 CPUs
[    0.330665] smpboot: Total of 2 processors activated (8831.99 BogoMIPS)
[    0.331904] devtmpfs: initialized
[    0.333601] evm: security.selinux
[    0.334203] evm: security.SMACK64
[    0.334782] evm: security.SMACK64EXEC
[    0.335429] evm: security.SMACK64TRANSMUTE
[    0.336130] evm: security.SMACK64MMAP
[    0.336747] evm: security.ima
[    0.337285] evm: security.capability
[    0.338045] clocksource: jiffies: mask: 0xffffffff max_cycles: 0xffffffff, max_idle_ns: 7645041785100000 ns
[    0.339512] futex hash table entries: 512 (order: 3, 32768 bytes)
[    0.340505] pinctrl core: initialized pinctrl subsystem
[    0.341374] RTC time: 14:01:37, date: 10/31/19
[    0.342171] NET: Registered protocol family 16
[    0.357900] cpuidle: using governor ladder
[    0.370088] cpuidle: using governor menu
[    0.370736] PCCT header not found.
[    0.371353] ACPI: bus type PCI registered
[    0.371950] acpiphp: ACPI Hot Plug PCI Controller Driver version: 0.5
[    0.372873] PCI: Using configuration type 1 for base access
[    0.386935] ACPI: Added _OSI(Module Device)
[    0.387633] ACPI: Added _OSI(Processor Device)
[    0.388284] ACPI: Added _OSI(3.0 _SCP Extensions)
[    0.388942] ACPI: Added _OSI(Processor Aggregator Device)
[    0.390233] ACPI: Executed 1 blocks of module-level executable AML code
[    0.392758] ACPI: Interpreter enabled
[    0.393332] ACPI: (supports S0 S5)
[    0.393882] ACPI: Using IOAPIC for interrupt routing
[    0.394698] PCI: Using host bridge windows from ACPI; if necessary, use "pci=nocrs" and report a bug
[    0.398702] ACPI: PCI Root Bridge [PCI0] (domain 0000 [bus 00-ff])
[    0.399510] acpi PNP0A03:00: _OSC: OS supports [ASPM ClockPM Segments MSI]
[    0.400664] acpi PNP0A03:00: _OSC: not requesting OS control; OS requires [ExtendedConfig ASPM ClockPM MSI]
[    0.402004] acpi PNP0A03:00: fail to add MMCONFIG information, can't access extended PCI configuration space under this bridge.
[    0.403665] PCI host bridge to bus 0000:00
[    0.404275] pci_bus 0000:00: root bus resource [io  0x0000-0x0cf7 window]
[    0.405129] pci_bus 0000:00: root bus resource [io  0x0d00-0xffff window]
[    0.406083] pci_bus 0000:00: root bus resource [mem 0x000a0000-0x000bffff window]
[    0.407293] pci_bus 0000:00: root bus resource [mem 0x40000000-0xfdffffff window]
[    0.408509] pci_bus 0000:00: root bus resource [bus 00-ff]
[    0.410484] pci 0000:00:01.1: legacy IDE quirk: reg 0x10: [io  0x01f0-0x01f7]
[    0.411511] pci 0000:00:01.1: legacy IDE quirk: reg 0x14: [io  0x03f6]
[    0.412472] pci 0000:00:01.1: legacy IDE quirk: reg 0x18: [io  0x0170-0x0177]
[    0.413497] pci 0000:00:01.1: legacy IDE quirk: reg 0x1c: [io  0x0376]
[    0.434617] pci 0000:00:07.0: quirk: [io  0x4000-0x403f] claimed by PIIX4 ACPI
[    0.435842] pci 0000:00:07.0: quirk: [io  0x4100-0x410f] claimed by PIIX4 SMB
[    0.443222] ACPI: PCI Interrupt Link [LNKA] (IRQs 5 9 10 *11)
[    0.444574] ACPI: PCI Interrupt Link [LNKB] (IRQs 5 9 *10 11)
[    0.445822] ACPI: PCI Interrupt Link [LNKC] (IRQs 5 *9 10 11)
[    0.447039] ACPI: PCI Interrupt Link [LNKD] (IRQs 5 9 10 *11)
[    0.448287] ACPI: Enabled 2 GPEs in block 00 to 07
[    0.449356] vgaarb: setting as boot device: PCI:0000:00:02.0
[    0.450249] vgaarb: device added: PCI:0000:00:02.0,decodes=io+mem,owns=io+mem,locks=none
[    0.451575] vgaarb: loaded
[    0.452096] vgaarb: bridge control possible 0000:00:02.0
[    0.453146] SCSI subsystem initialized
[    0.453895] ACPI: bus type USB registered
[    0.454575] usbcore: registered new interface driver usbfs
[    0.455403] usbcore: registered new interface driver hub
[    0.456224] usbcore: registered new device driver usb
[    0.457220] PCI: Using ACPI for IRQ routing
[    0.458149] NetLabel: Initializing
[    0.458751] NetLabel:  domain hash size = 128
[    0.459457] NetLabel:  protocols = UNLABELED CIPSOv4
[    0.460589] NetLabel:  unlabeled traffic allowed by default
[    0.461599] amd_nb: Cannot enumerate AMD northbridges
[    0.462484] clocksource: Switched to clocksource kvm-clock
[    0.468416] AppArmor: AppArmor Filesystem Enabled
[    0.469242] pnp: PnP ACPI init
[    0.470359] pnp: PnP ACPI: found 3 devices
[    0.478845] clocksource: acpi_pm: mask: 0xffffff max_cycles: 0xffffff, max_idle_ns: 2085701024 ns
[    0.480252] NET: Registered protocol family 2
[    0.481094] TCP established hash table entries: 8192 (order: 4, 65536 bytes)
[    0.482157] TCP bind hash table entries: 8192 (order: 5, 131072 bytes)
[    0.483151] TCP: Hash tables configured (established 8192 bind 8192)
[    0.484102] UDP hash table entries: 512 (order: 2, 16384 bytes)
[    0.484996] UDP-Lite hash table entries: 512 (order: 2, 16384 bytes)
[    0.485961] NET: Registered protocol family 1
[    0.486683] pci 0000:00:00.0: Limiting direct PCI/PCI transfers
[    0.487609] pci 0000:00:01.0: Activating ISA DMA hang workarounds
[    0.488618] Unpacking initramfs...
[    0.665004] Freeing initrd memory: 14828K
[    0.665791] clocksource: tsc: mask: 0xffffffffffffffff max_cycles: 0x1fd3b6211b4, max_idle_ns: 440795230313 ns
[    0.667253] platform rtc_cmos: registered platform RTC device (no PNP device found)
[    0.668409] Scanning for low memory corruption every 60 seconds
[    0.669497] audit: initializing netlink subsys (disabled)
[    0.670251] audit: type=2000 audit(1572530501.930:1): initialized
[    0.671298] Initialise system trusted keyring
[    0.672052] HugeTLB registered 2 MB page size, pre-allocated 0 pages
[    0.673955] zbud: loaded
[    0.674735] VFS: Disk quotas dquot_6.6.0
[    0.675381] VFS: Dquot-cache hash table entries: 512 (order 0, 4096 bytes)
[    0.676454] squashfs: version 4.0 (2009/01/31) Phillip Lougher
[    0.677416] fuse init (API version 7.23)
[    0.678108] Key type big_key registered
[    0.678708] Allocating IMA MOK and blacklist keyrings.
[    0.680145] Key type asymmetric registered
[    0.680753] Asymmetric key parser 'x509' registered
[    0.681461] Block layer SCSI generic (bsg) driver version 0.4 loaded (major 249)
[    0.682602] io scheduler noop registered
[    0.683194] io scheduler deadline registered (default)
[    0.683924] io scheduler cfq registered
[    0.684580] pci_hotplug: PCI Hot Plug PCI Core version: 0.5
[    0.685328] pciehp: PCI Express Hot Plug Controller Driver version: 0.4
[    0.686293] ACPI: AC Adapter [AC] (on-line)
[    0.686981] input: Power Button as /devices/LNXSYSTM:00/LNXPWRBN:00/input/input0
[    0.688082] ACPI: Power Button [PWRF]
[    0.688698] input: Sleep Button as /devices/LNXSYSTM:00/LNXSLPBN:00/input/input1
[    0.689781] ACPI: Sleep Button [SLPF]
[    0.690485] GHES: HEST is not enabled!
[    0.691146] Serial: 8250/16550 driver, 32 ports, IRQ sharing enabled
[    0.712325] 00:02: ttyS0 at I/O 0x3f8 (irq = 4, base_baud = 115200) is a 16550A
[    0.714312] Linux agpgart interface v0.103
[    0.716064] loop: module loaded
[    0.717033] scsi host0: ata_piix
[    0.717646] scsi host1: ata_piix
[    0.718254] ata1: PATA max UDMA/33 cmd 0x1f0 ctl 0x3f6 bmdma 0xd000 irq 14
[    0.719275] ata2: PATA max UDMA/33 cmd 0x170 ctl 0x376 bmdma 0xd008 irq 15
[    0.720345] libphy: Fixed MDIO Bus: probed
[    0.721034] tun: Universal TUN/TAP device driver, 1.6
[    0.721828] tun: (C) 1999-2004 Max Krasnyansky <maxk@qualcomm.com>
[    0.722780] PPP generic driver version 2.4.2
[    0.723562] ehci_hcd: USB 2.0 'Enhanced' Host Controller (EHCI) Driver
[    0.724540] ehci-pci: EHCI PCI platform driver
[    0.725259] ehci-platform: EHCI generic platform driver
[    0.726087] ohci_hcd: USB 1.1 'Open' Host Controller (OHCI) Driver
[    0.727011] ohci-pci: OHCI PCI platform driver
[    0.727731] ohci-platform: OHCI generic platform driver
[    0.728572] uhci_hcd: USB Universal Host Controller Interface driver
[    0.729440] i8042: PNP: PS/2 Controller [PNP0303:PS2K,PNP0f03:PS2M] at 0x60,0x64 irq 1,12
[    0.731042] serio: i8042 KBD port at 0x60,0x64 irq 1
[    0.731737] serio: i8042 AUX port at 0x60,0x64 irq 12
[    0.732533] mousedev: PS/2 mouse device common for all mice
[    0.733645] input: AT Translated Set 2 keyboard as /devices/platform/i8042/serio0/input/input2
[    0.734999] rtc_cmos rtc_cmos: rtc core: registered rtc_cmos as rtc0
[    0.735862] rtc_cmos rtc_cmos: alarms up to one day, 114 bytes nvram
[    0.736703] i2c /dev entries driver
[    0.737299] device-mapper: uevent: version 1.0.3
[    0.738007] device-mapper: ioctl: 4.34.0-ioctl (2015-10-28) initialised: dm-devel@redhat.com
[    0.739247] ledtrig-cpu: registered to indicate activity on CPUs
[    0.740487] NET: Registered protocol family 10
[    0.741366] NET: Registered protocol family 17
[    0.742103] Key type dns_resolver registered
[    0.743005] registered taskstats version 1
[    0.743708] Loading compiled-in X.509 certificates
[    0.744951] Loaded X.509 cert 'Build time autogenerated kernel key: 0ed82eac04367aa6426493b1389455ebf6830eaa'
[    0.746504] zswap: loaded using pool lzo/zbud
[    0.748583] Key type trusted registered
[    0.751589] Key type encrypted registered
[    0.752280] AppArmor: AppArmor sha1 policy hashing enabled
[    0.753120] ima: No TPM chip found, activating TPM-bypass!
[    0.753962] ima: Allocated hash algorithm: sha1
[    0.754707] evm: HMAC attrs: 0x1
[    0.755598]   Magic number: 7:800:31
[    0.756340] rtc_cmos rtc_cmos: setting system clock to 2019-10-31 14:01:37 UTC (1572530497)
[    0.757781] BIOS EDD facility v0.16 2004-Jun-25, 0 devices found
[    0.758685] EDD information not available.
[    0.882128] Freeing unused kernel memory: 1484K
[    0.885097] Write protecting the kernel read-only data: 14336k
[    0.889849] Freeing unused kernel memory: 1608K
[    0.893171] Freeing unused kernel memory: 64K
Loading, please wait...
starting version 229
[    0.923099] random: systemd-udevd: uninitialized urandom read (16 bytes read, 3 bits of entropy available)
[    0.924262] random: udevadm: uninitialized urandom read (16 bytes read, 3 bits of entropy available)
[    0.924297] random: udevadm: uninitialized urandom read (16 bytes read, 3 bits of entropy available)
[    0.930828] random: systemd-udevd: uninitialized urandom read (16 bytes read, 3 bits of entropy available)
[    0.932949] random: systemd-udevd: uninitialized urandom read (16 bytes read, 3 bits of entropy available)
[    0.935044] random: systemd-udevd: uninitialized urandom read (16 bytes read, 3 bits of entropy available)
[    0.935468] random: udevadm: uninitialized urandom read (16 bytes read, 3 bits of entropy available)
[    0.935516] random: udevadm: uninitialized urandom read (16 bytes read, 3 bits of entropy available)
[    0.935667] random: udevadm: uninitialized urandom read (16 bytes read, 3 bits of entropy available)
[    0.935724] random: udevadm: uninitialized urandom read (16 bytes read, 3 bits of entropy available)
[    0.971783] e1000: Intel(R) PRO/1000 Network Driver - version 7.3.21-k8-NAPI
[    0.972758] e1000: Copyright (c) 1999-2006 Intel Corporation.
[    0.973917] Fusion MPT base driver 3.04.20
[    0.974654] Copyright (c) 1999-2008 LSI Corporation
[    0.978221] Fusion MPT SPI Host driver 3.04.20
[    0.992397] AVX2 version of gcm_enc/dec engaged.
[    0.993127] AES CTR mode by8 optimization enabled
[    1.198428] input: ImExPS/2 Generic Explorer Mouse as /devices/platform/i8042/serio1/input/input4
[    1.698317] e1000 0000:00:03.0 eth0: (PCI:33MHz:32-bit) 02:0e:9b:2d:5b:92
[    1.701910] e1000 0000:00:03.0 eth0: Intel(R) PRO/1000 Network Connection
[    1.707161] mptbase: ioc0: Initiating bringup
[    2.541562] ioc0: LSI53C1030 A0: Capabilities={Initiator}
[    3.922298] scsi host2: ioc0: LSI53C1030 A0, FwRev=00000000h, Ports=1, MaxQ=256, IRQ=20
[    4.656963] scsi 2:0:0:0: Direct-Access     VBOX     HARDDISK         1.0  PQ: 0 ANSI: 5
[    4.661553] scsi target2:0:0: Beginning Domain Validation
[    4.668044] scsi target2:0:0: Domain Validation skipping write tests
[    4.670563] scsi target2:0:0: Ending Domain Validation
[    4.672352] scsi target2:0:0: asynchronous
[    4.674343] scsi 2:0:1:0: Direct-Access     VBOX     HARDDISK         1.0  PQ: 0 ANSI: 5
[    4.676826] scsi target2:0:1: Beginning Domain Validation
[    4.679447] scsi target2:0:1: Domain Validation skipping write tests
[    4.680973] scsi target2:0:1: Ending Domain Validation
[    4.682235] scsi target2:0:1: asynchronous
[    4.687861] sd 2:0:0:0: Attached scsi generic sg0 type 0
[    4.689093] sd 2:0:0:0: [sda] 20971520 512-byte logical blocks: (10.7 GB/10.0 GiB)
[    4.702728] sd 2:0:1:0: Attached scsi generic sg1 type 0
[    4.703915] sd 2:0:1:0: [sdb] 20480 512-byte logical blocks: (10.5 MB/10.0 MiB)
[    4.705158] sd 2:0:0:0: [sda] Write Protect is off
[    4.705929] sd 2:0:1:0: [sdb] Write Protect is off
[    4.706805] sd 2:0:0:0: [sda] Incomplete mode parameter data
[    4.707703] sd 2:0:0:0: [sda] Assuming drive cache: write through
[    4.708630] sd 2:0:1:0: [sdb] Incomplete mode parameter data
[    4.709508] sd 2:0:1:0: [sdb] Assuming drive cache: write through
[    4.712355]  sda: sda1
[    4.729804] sd 2:0:1:0: [sdb] Attached SCSI disk
[    4.731297] sd 2:0:0:0: [sda] Attached SCSI disk
[    5.009687] e1000 0000:00:08.0 eth1: (PCI:33MHz:32-bit) 08:00:27:56:a8:81
[    5.010641] e1000 0000:00:08.0 eth1: Intel(R) PRO/1000 Network Connection
[    5.012113] e1000 0000:00:03.0 enp0s3: renamed from eth0
[    5.022758] e1000 0000:00:08.0 enp0s8: renamed from eth1
Begin: Loading essential drivers ... [    6.322702] md: linear personality registered for level -1
[    6.325654] md: multipath personality registered for level -4
[    6.328516] md: raid0 personality registered for level 0
[    6.332238] md: raid1 personality registered for level 1
[    6.402539] raid6: sse2x1   gen() 11868 MB/s
[    6.470505] raid6: sse2x1   xor()  8830 MB/s
[    6.538538] raid6: sse2x2   gen() 14504 MB/s
[    6.606522] raid6: sse2x2   xor()  9978 MB/s
[    6.674541] raid6: sse2x4   gen() 16072 MB/s
[    6.742531] raid6: sse2x4   xor() 11231 MB/s
[    6.810538] raid6: avx2x1   gen() 23579 MB/s
[    6.878522] raid6: avx2x2   gen() 24867 MB/s
[    6.946533] raid6: avx2x4   gen() 26013 MB/s
[    6.947236] raid6: using algorithm avx2x4 gen() 26013 MB/s
[    6.948054] raid6: using avx2x2 recovery algorithm
[    6.949841] xor: automatically using best checksumming function:
[    7.005968]    avx       : 64398.000 MB/sec
[    7.007690] async_tx: api initialized (async)
[    7.016409] md: raid6 personality registered for level 6
[    7.017427] md: raid5 personality registered for level 5
[    7.018369] md: raid4 personality registered for level 4
[    7.024391] md: raid10 personality registered for level 10
done.
Begin: Running /scripts/init-premount ... done.
Begin: Mounting root file system ... Begin: Running /scripts/local-top ... done.
Begin: Running /scripts/local-premount ... [    7.050286] Btrfs loaded
Scanning for Btrfs filesystems
done.
Warning: fsck not present, so skipping root file system
[    7.075391] EXT4-fs (sda1): mounted filesystem with ordered data mode. Opts: (null)
done.
Begin: Running /scripts/local-bottom ... done.
Begin: Running /scripts/init-bottom ... done.
[    7.203543] systemd[1]: systemd 229 running in system mode. (+PAM +AUDIT +SELINUX +IMA +APPARMOR +SMACK +SYSVINIT +UTMP +LIBCRYPTSETUP +GCRYPT +GNUTLS +ACL +XZ -LZ4 +SECCOMP +BLKID +ELFUTILS +KMOD -IDN)
[    7.208526] systemd[1]: Detected virtualization oracle.
[    7.210055] systemd[1]: Detected architecture x86-64.

Welcome to [1mUbuntu 16.04.6 LTS[0m!

[    7.215386] systemd[1]: Set hostname to <ubuntu-xenial>.
[    7.371801] systemd[1]: Started Forward Password Requests to Wall Directory Watch.
[[0;32m  OK  [0m] Started Forward Password Requests to Wall Directory Watch.
[    7.373930] systemd[1]: Set up automount Arbitrary Executable File Formats File System Automount Point.
[[0;32m  OK  [0m] Set up automount Arbitrary Executab...ats File System Automount Point.
[    7.376143] systemd[1]: Listening on udev Control Socket.
[[0;32m  OK  [0m] Listening on udev Control Socket.
[    7.377545] systemd[1]: Started Trigger resolvconf update for networkd DNS.
[[0;32m  OK  [0m] Started Trigger resolvconf update for networkd DNS.
[    7.379182] systemd[1]: Reached target System Time Synchronized.
[[0;32m  OK  [0m] Reached target System Time Synchronized.
[    7.380663] systemd[1]: Listening on /dev/initctl Compatibility Named Pipe.
[[0;32m  OK  [0m] Listening on /dev/initctl Compatibility Named Pipe.
[    7.382283] systemd[1]: Listening on Syslog Socket.
[[0;32m  OK  [0m] Listening on Syslog Socket.
[    7.383603] systemd[1]: Listening on LVM2 metadata daemon socket.
[[0;32m  OK  [0m] Listening on LVM2 metadata daemon socket.
[    7.385128] systemd[1]: Listening on Journal Audit Socket.
[[0;32m  OK  [0m] Listening on Journal Audit Socket.
[    7.386488] systemd[1]: Listening on udev Kernel Socket.
[[0;32m  OK  [0m] Listening on udev Kernel Socket.
[    7.387998] systemd[1]: Created slice User and Session Slice.
[[0;32m  OK  [0m] Created slice User and Session Slice.
[    7.389564] systemd[1]: Created slice System Slice.
[[0;32m  OK  [0m] Created slice System Slice.
[    7.390830] systemd[1]: Reached target Slices.
[[0;32m  OK  [0m] Reached target Slices.
[    7.392028] systemd[1]: Listening on Journal Socket.
[[0;32m  OK  [0m] Listening on Journal Socket.
[    7.402667] systemd[1]: Starting Uncomplicated firewall...
         Starting Uncomplicated firewall...
[    7.405190] systemd[1]: Mounting POSIX Message Queue File System...
         Mounting POSIX Message Queue File System...
[    7.410085] systemd[1]: Starting Load Kernel Modules...
         Starting Load Kernel Modules...
[    7.412059] systemd[1]: Starting Create list of required static device nodes for the current kernel...
         Starting Create list of required st... nodes for the current kernel...
[    7.414980] systemd[1]: Starting Set console keymap...
         Starting Set console keymap...
[    7.417492] systemd[1]: Starting Remount Root and Kernel File Systems...
         Starting Remount Root and Kernel File Systems...
[    7.419440] systemd[1]: Reached target User and Group Name Lookups.
[[0;32m  OK  [0m] Reached target User and Group Name Lookups.
[    7.421457] systemd[1]: Listening on Device-mapper event daemon FIFOs.
[[0;32m  OK  [0m] Listening on Device-mapper event daemon FIFOs.
[    7.424646] EXT4-fs (sda1): re-mounted. Opts: (null)
[    7.427912] Loading iSCSI transport class v2.0-870.
[    7.431303] systemd[1]: Starting Monitoring of LVM2 mirrors, snapshots etc. using dmeventd or progress polling...
         Starting Monitoring of LVM2 mirrors... dmeventd or progress polling...
[    7.434874] systemd[1]: Mounting Huge Pages File System...
         Mounting Huge Pages File System...
[    7.438478] systemd[1]: Created slice system-serial\x2dgetty.slice.
[[0;32m  OK  [0m] Created slice system-serial\x2dgetty.slice.
[    7.440425] systemd[1]: Reached target Swap.
[[0;32m  OK  [0m] Reached target Swap.
[    7.442624] systemd[1]: Starting Nameserver information manager...
         Starting Nameserver information manager...
[    7.445841] systemd[1]: Reached target Encrypted Volumes.
[[0;32m  OK  [0m] Reached target Encrypted Volumes.
[    7.448182] iscsi: registered transport (tcp)
[    7.450533] systemd[1]: Listening on LVM2 poll daemon socket.
[[0;32m  OK  [0m] Listening on LVM2 poll daemon socket.
[    7.453383] systemd[1]: Mounting Debug File System...
         Mounting Debug File System...
[    7.455053] systemd[1]: Listening on Journal Socket (/dev/log).
[[0;32m  OK  [0m] Listening on Journal Socket (/dev/log).
[    7.458076] systemd[1]: Starting Journal Service...
         Starting Journal Service...
[    7.461322] systemd[1]: Mounted POSIX Message Queue File System.
[[0;32m  OK  [0m] Mounted POSIX Message Queue File System.
[    7.462906] systemd[1]: Mounted Debug File System.
[[0;32m  OK  [0m] Mounted Debug File System.
[    7.464450] systemd[1]: Mounted Huge Pages File System.
[[0;32m  OK  [0m] Mounted Huge Pages File System.
[    7.466595] systemd[1]: Started Uncomplicated firewall.
[[0;32m  OK  [0m] Started Uncomplicated firewall.
[    7.471517] systemd[1]: Started Create list of required static device nodes for the current kernel.
[[0;32m  OK  [0m] Started Create list of required sta...ce nodes for the current kernel.
[    7.474303] systemd[1]: Started Remount Root and Kernel File Systems.
[[0;32m  OK  [0m] Started Remount Root and Kernel File Systems.
[    7.479421] systemd[1]: Started Nameserver information manager.
[[0;32m  OK  [0m] Started Nameserver information manager.
[    7.496948] systemd[1]: Started Set console keymap.
[[0;32m  OK  [0m] Started Set console keymap.
[    7.506590] systemd[1]: Started Journal Service.
[[0;32m  OK  [0m] Started Journal Service.
[    7.513037] iscsi: registered transport (iser)
[[0;32m  OK  [0m] Started LVM2 metadata daemon.
         Starting Load/Save Random Seed...
         Starting udev Coldplug all Devices...
         Starting Flush Journal to Persistent Storage...
         Starting Create Static Device Nodes in /dev...
[[0;32m  OK  [0m] Started Load Kernel Modules.
         Starting Apply Kernel Variables...
         Mounting FUSE Control File System...
[[0;32m  OK  [0m] Started Load/Save Random Seed.
[[0;32m  OK  [0m] Mounted FUSE Control File System.
[[0;32m  OK  [0m] Started Create Static Device Nodes in /dev.
[[0;32m  OK  [0m] Started Apply Kernel Variables.
         Starting udev Kernel Device Manager...
[[0;32m  OK  [0m] Started Flush Journal to Persistent Storage.
[[0;32m  OK  [0m] Started udev Coldplug all Devices.
[[0;32m  OK  [0m] Started udev Kernel Device Manager.
[[0;32m  OK  [0m] Started Dispatch Password Requests to Console Directory Watch.
[[0;32m  OK  [0m] Found device /dev/ttyS0.
[[0;32m  OK  [0m] Listening on Load/Save RF Kill Switch Status /dev/rfkill Watch.
[[0;32m  OK  [0m] Started Monitoring of LVM2 mirrors,...ng dmeventd or progress polling.
[[0;32m  OK  [0m] Reached target Local File Systems (Pre).
[[0;32m  OK  [0m] Reached target Local File Systems.
         Starting Set console font and keymap...
         Starting Tell Plymouth To Write Out Runtime Data...
         Starting Create Volatile Files and Directories...
         Starting LSB: AppArmor initialization...
         Starting Initial cloud-init job (pre-networking)...
[[0;32m  OK  [0m] Started Tell Plymouth To Write Out Runtime Data.
[[0;32m  OK  [0m] Found device 82540EM Gigabit Ethern...r (PRO/1000 MT Desktop Adapter).
[[0;32m  OK  [0m] Started Create Volatile Files and Directories.
[[0;32m  OK  [0m] Found device 82540EM Gigabit Ethern...r (PRO/1000 MT Desktop Adapter).
         Starting Update UTMP about System Boot/Shutdown...
[[0;32m  OK  [0m] Started LSB: AppArmor initialization.
[[0;32m  OK  [0m] Started Update UTMP about System Boot/Shutdown.
[[0;32m  OK  [0m] Started Set console font and keymap.
[[0;32m  OK  [0m] Created slice system-getty.slice.
[    8.631395] cloud-init[656]: Cloud-init v. 19.2-36-g059d049c-0ubuntu1~16.04.1 running 'init-local' at Thu, 31 Oct 2019 14:01:45 +0000. Up 8.41 seconds.
[[0;32m  OK  [0m] Started Initial cloud-init job (pre-networking).
[[0;32m  OK  [0m] Reached target Network (Pre).
[[0;32m  OK  [0m] Started ifup for enp0s8.
[[0;32m  OK  [0m] Started ifup for enp0s3.
         Starting Raise network interfaces...
[[0;32m  OK  [0m] Started Raise network interfaces.
[[0;32m  OK  [0m] Reached target Network.
         Starting Initial cloud-init job (metadata service crawler)...
[    9.228511] cloud-init[1074]: Cloud-init v. 19.2-36-g059d049c-0ubuntu1~16.04.1 running 'init' at Thu, 31 Oct 2019 14:01:46 +0000. Up 9.02 seconds.
[    9.229877] cloud-init[1074]: ci-info: ++++++++++++++++++++++++++++++++++++++Net device info+++++++++++++++++++++++++++++++++++++++
[    9.230950] cloud-init[1074]: ci-info: +--------+------+-----------------------------+---------------+--------+-------------------+
[    9.231984] cloud-init[1074]: ci-info: | Device |  Up  |           Address           |      Mask     | Scope  |     Hw-Address    |
[    9.233078] cloud-init[1074]: ci-info: +--------+------+-----------------------------+---------------+--------+-------------------+
[    9.234171] cloud-init[1074]: ci-info: | enp0s3 | True |          10.0.2.15          | 255.255.255.0 | global | 02:0e:9b:2d:5b:92 |
[    9.235205] cloud-init[1074]: ci-info: | enp0s3 | True |  fe80::e:9bff:fe2d:5b92/64  |       .       |  link  | 02:0e:9b:2d:5b:92 |
[    9.236284] cloud-init[1074]: ci-info: | enp0s8 | True |        192.168.33.20        | 255.255.255.0 | global | 08:00:27:56:a8:81 |
[    9.237354] cloud-init[1074]: ci-info: | enp0s8 | True | fe80::a00:27ff:fe56:a881/64 |       .       |  link  | 08:00:27:56:a8:81 |
[    9.238435] cloud-init[1074]: ci-info: |   lo   | True |          127.0.0.1          |   255.0.0.0   |  host  |         .         |
[    9.239503] cloud-init[1074]: ci-info: |   lo   | True |           ::1/128           |       .       |  host  |         .         |
[    9.240568] cloud-init[1074]: ci-info: +--------+------+-----------------------------+---------------+--------+-------------------+
[    9.241640] cloud-init[1074]: ci-info: ++++++++++++++++++++++++++++Route IPv4 info++++++++++++++++++++++++++++
[    9.242573] cloud-init[1074]: ci-info: +-------+--------------+----------+---------------+-----------+-------+
[    9.243524] cloud-init[1074]: ci-info: | Route | Destination  | Gateway  |    Genmask    | Interface | Flags |
[    9.244481] cloud-init[1074]: ci-info: +-------+--------------+----------+---------------+-----------+-------+
[    9.245432] cloud-init[1074]: ci-info: |   0   |   0.0.0.0    | 10.0.2.2 |    0.0.0.0    |   enp0s3  |   UG  |
[    9.246365] cloud-init[1074]: ci-info: |   1   |   10.0.2.0   | 0.0.0.0  | 255.255.255.0 |   enp0s3  |   U   |
[    9.247328] cloud-init[1074]: ci-info: |   2   | 192.168.33.0 | 0.0.0.0  | 255.255.255.0 |   enp0s8  |   U   |
[    9.248267] cloud-init[1074]: ci-info: +-------+--------------+----------+---------------+-----------+-------+
[    9.249193] cloud-init[1074]: ci-info: +++++++++++++++++++Route IPv6 info+++++++++++++++++++
[    9.250045] cloud-init[1074]: ci-info: +-------+-------------+---------+-----------+-------+
[    9.250913] cloud-init[1074]: ci-info: | Route | Destination | Gateway | Interface | Flags |
[    9.252295] cloud-init[1074]: ci-info: +-------+-------------+---------+-----------+-------+
[    9.253228] cloud-init[1074]: ci-info: |   0   |  fe80::/64  |    ::   |   enp0s8  |   U   |
[    9.254144] cloud-init[1074]: ci-info: |   1   |  fe80::/64  |    ::   |   enp0s3  |   U   |
[    9.255038] cloud-init[1074]: ci-info: |   4   |   ff00::/8  |    ::   |   enp0s8  |   U   |
[    9.255970] cloud-init[1074]: ci-info: |   5   |   ff00::/8  |    ::   |   enp0s3  |   U   |
[    9.256910] cloud-init[1074]: ci-info: +-------+-------------+---------+-----------+-------+
[[0;32m  OK  [0m] Started Initial cloud-init job (metadata service crawler).
[[0;32m  OK  [0m] Reached target Cloud-config availability.
[[0;32m  OK  [0m] Reached target System Initialization.
         Starting Socket activation for snappy daemon.
[[0;32m  OK  [0m] Listening on D-Bus System Message Bus Socket.
[[0;32m  OK  [0m] Started Daily Cleanup of Temporary Directories.
[[0;32m  OK  [0m] Listening on ACPID Listen Socket.
[[0;32m  OK  [0m] Listening on UUID daemon activation socket.
[[0;32m  OK  [0m] Started Daily apt download activities.
[[0;32m  OK  [0m] Started ACPI Events Check.
[[0;32m  OK  [0m] Reached target Paths.
         Starting LXD - unix socket.
[[0;32m  OK  [0m] Started Daily apt upgrade and clean activities.
[[0;32m  OK  [0m] Started Clean PHP session files every 30 mins.
[[0;32m  OK  [0m] Reached target Timers.
[[0;32m  OK  [0m] Reached target Network is Online.
         Starting iSCSI initiator daemon (iscsid)...
[[0;32m  OK  [0m] Listening on Socket activation for snappy daemon.
[[0;32m  OK  [0m] Listening on LXD - unix socket.
[[0;32m  OK  [0m] Reached target Sockets.
[[0;32m  OK  [0m] Reached target Basic System.
[[0;32m  OK  [0m] Started D-Bus System Message Bus.
         Starting LXD - container startup/shutdown...
[[0;32m  OK  [0m] Started FUSE filesystem for LXC.
         Starting Virtualbox guest utils...
[[0;32m  OK  [0m] Started ACPI event daemon.
         Starting LSB: MD monitoring daemon...
         Starting LSB: Record successful boot for GRUB...
[[0;32m  OK  [0m] Started Regular background program processing daemon.
         Starting System Logging Service...
         Starting OpenBSD Secure Shell server...
[[0;32m  OK  [0m] Started Deferred execution scheduler.
         Starting Snappy daemon...
         Starting Accounts Service...
         Starting /etc/rc.local Compatibility...
         Starting MySQL Community Server...
         Starting Login Service...
[[0;32m  OK  [0m] Started iSCSI initiator daemon (iscsid).
[[0;32m  OK  [0m] Started /etc/rc.local Compatibility.
         Starting Login to default iSCSI targets...
[[0;32m  OK  [0m] Started System Logging Service.
[[0;32m  OK  [0m] Started LSB: MD monitoring daemon.
[[0;32m  OK  [0m] Started Login Service.
[[0;32m  OK  [0m] Started LSB: Record successful boot for GRUB.
[[0;32m  OK  [0m] Started Unattended Upgrades Shutdown.
[[0;32m  OK  [0m] Started OpenBSD Secure Shell server.
[[0;32m  OK  [0m] Started Login to default iSCSI targets.
[[0;32m  OK  [0m] Reached target Remote File Systems (Pre).
[[0;32m  OK  [0m] Reached target Remote File Systems.
         Starting LSB: Apache2 web server...
         Starting LSB: automatic crash report generation...
         Starting Permit User Sessions...
         Starting LSB: Set the CPU Frequency Scaling governor to "ondemand"...
         Starting LSB: daemon to balance interrupts for SMP systems...
         Starting Authenticate and Authorize Users to Run Privileged Tasks...
[[0;32m  OK  [0m] Started Permit User Sessions.
[[0;32m  OK  [0m] Started LSB: Set the CPU Frequency Scaling governor to "ondemand".
         Starting Hold until boot process finishes up...
         Starting Terminate Plymouth Boot Screen...
[[0;32m  OK  [0m] Started Virtualbox guest utils.
[[0;32m  OK  [0m] Started LSB: automatic crash report generation.
[[0;32m  OK  [0m] Started Hold until boot process finishes up.
[[0;32m  OK  [0m] Started Terminate Plymouth Boot Screen.
[[0;32m  OK  [0m] Started LXD - container startup/shutdown.
         Starting Set console scheme...
[[0;32m  OK  [0m] Started Serial Getty on ttyS0.
[[0;32m  OK  [0m] Started Getty on tty1.
[[0;32m  OK  [0m] Reached target Login Prompts.
[[0;32m  OK  [0m] Started LSB: daemon to balance interrupts for SMP systems.
[[0;32m  OK  [0m] Started Set console scheme.
[[0;32m  OK  [0m] Started Authenticate and Authorize Users to Run Privileged Tasks.
[[0;32m  OK  [0m] Started Accounts Service.
[[0;32m  OK  [0m] Started Snappy daemon.
         Starting Wait until snapd is fully seeded...
[[0;32m  OK  [0m] Started Wait until snapd is fully seeded.
         Starting Apply the settings specified in cloud-config...
[   10.228142] cloud-init[1371]: Cloud-init v. 19.2-36-g059d049c-0ubuntu1~16.04.1 running 'modules:config' at Thu, 31 Oct 2019 14:01:47 +0000. Up 10.10 seconds.
[[0;32m  OK  [0m] Started Apply the settings specified in cloud-config.
[[0;32m  OK  [0m] Started MySQL Community Server.
[[0;32m  OK  [0m] Started LSB: Apache2 web server.
[[0;32m  OK  [0m] Reached target Multi-User System.
[[0;32m  OK  [0m] Reached target Graphical Interface.
         Starting Update UTMP about System Runlevel Changes...
         Starting Execute cloud user/final scripts...
[[0;32m  OK  [0m] Started Update UTMP about System Runlevel Changes.
[   11.233970] cloud-init[1422]: Cloud-init v. 19.2-36-g059d049c-0ubuntu1~16.04.1 running 'modules:final' at Thu, 31 Oct 2019 14:01:48 +0000. Up 11.16 seconds.
[   11.235541] cloud-init[1422]: Cloud-init v. 19.2-36-g059d049c-0ubuntu1~16.04.1 finished at Thu, 31 Oct 2019 14:01:48 +0000. Datasource DataSourceNoCloud [seed=/dev/sdb][dsmode=net].  Up 11.22 seconds
[[0;32m  OK  [0m] Started Execute cloud user/final scripts.
[[0;32m  OK  [0m] Reached target Cloud-init target.

Ubuntu 16.04.6 LTS ubuntu-xenial ttyS0

ubuntu-xenial login: 